<?xml version="1.0" encoding="UTF-8"?>
<!-- Generated by org.testng.reporters.JUnitReportReporter -->
<testsuite skipped="0" hostname="DESKTOP-IA0DLJF" name="com.pulse.Test.ValidLogin2" tests="2" failures="0" timestamp="16 Jul 2019 17:20:38 GMT" time="175.445" errors="0">
  <testcase name="TC4" time="77.871" classname="com.pulse.Test.ValidLogin2"/>
  <testcase name="TC3" time="97.574" classname="com.pulse.Test.ValidLogin2"/>
</testsuite> <!-- com.pulse.Test.ValidLogin2 -->
